<?xml version="1.0" encoding="UTF-8"?>
<!-- Generated by org.testng.reporters.JUnitReportReporter -->
<testsuite skipped="0" hostname="DESKTOP-IVS135V" name="Repository.TestLogin" tests="1" failures="0" timestamp="17 Feb 2019 05:49:54 GMT" time="12.766" errors="0">
  <testcase name="login" time="12.766" classname="Repository.TestLogin"/>
</testsuite> <!-- Repository.TestLogin -->
